d:\c++\github\oop-2022-053503\debug\vc142.pdb
d:\c++\github\oop-2022-053503\debug\vc142.idb
d:\c++\github\oop-2022-053503\debug\userbase.obj
d:\c++\github\oop-2022-053503\debug\user.obj
d:\c++\github\oop-2022-053503\debug\specialist.obj
d:\c++\github\oop-2022-053503\debug\programm.obj
d:\c++\github\oop-2022-053503\debug\operator.obj
d:\c++\github\oop-2022-053503\debug\note.obj
d:\c++\github\oop-2022-053503\debug\noop.obj
d:\c++\github\oop-2022-053503\debug\manager.obj
d:\c++\github\oop-2022-053503\debug\database.obj
d:\c++\github\oop-2022-053503\debug\client.obj
d:\c++\github\oop-2022-053503\debug\administrator.obj
d:\c++\github\oop-2022-053503\debug\oop-2022-053503.ilk
d:\c++\github\oop-2022-053503\debug\oop-2022-053503.exe
d:\c++\github\oop-2022-053503\debug\oop-2022-053503.pdb
d:\c++\github\oop-2022-053503\debug\oop-2022-053503.tlog\cl.command.1.tlog
d:\c++\github\oop-2022-053503\debug\oop-2022-053503.tlog\cl.read.1.tlog
d:\c++\github\oop-2022-053503\debug\oop-2022-053503.tlog\cl.write.1.tlog
d:\c++\github\oop-2022-053503\debug\oop-2022-053503.tlog\link.command.1.tlog
d:\c++\github\oop-2022-053503\debug\oop-2022-053503.tlog\link.read.1.tlog
d:\c++\github\oop-2022-053503\debug\oop-2022-053503.tlog\link.write.1.tlog
